0 info it worked if it ends with ok
1 verbose cli [ '/usr/local/Cellar/node/7.4.0/bin/node',
1 verbose cli   '/usr/local/bin/npm',
1 verbose cli   'run',
1 verbose cli   'postinstall' ]
2 info using npm@4.0.5
3 info using node@v7.4.0
4 verbose run-script [ 'postinstall' ]
5 info lifecycle elm-graphql@1.0.6~postinstall: elm-graphql@1.0.6
6 verbose lifecycle elm-graphql@1.0.6~postinstall: unsafe-perm in lifecycle true
7 verbose lifecycle elm-graphql@1.0.6~postinstall: PATH: /usr/local/lib/node_modules/npm/bin/node-gyp-bin:/Users/KyleBell/elm-graphql/node_modules/.bin:/Users/KyleBell/.cargo/bin:/opt/local/bin:/opt/local/sbin:/opt/local/bin:/opt/local/sbin:/usr/local/bin:/usr/bin:/bin:/usr/sbin:/sbin:/opt/X11/bin
8 verbose lifecycle elm-graphql@1.0.6~postinstall: CWD: /Users/KyleBell/elm-graphql
9 silly lifecycle elm-graphql@1.0.6~postinstall: Args: [ '-c', 'tsc' ]
10 silly lifecycle elm-graphql@1.0.6~postinstall: Returned: code: 2  signal: null
11 info lifecycle elm-graphql@1.0.6~postinstall: Failed to exec postinstall script
12 verbose stack Error: elm-graphql@1.0.6 postinstall: `tsc`
12 verbose stack Exit status 2
12 verbose stack     at EventEmitter.<anonymous> (/usr/local/lib/node_modules/npm/lib/utils/lifecycle.js:279:16)
12 verbose stack     at emitTwo (events.js:106:13)
12 verbose stack     at EventEmitter.emit (events.js:191:7)
12 verbose stack     at ChildProcess.<anonymous> (/usr/local/lib/node_modules/npm/lib/utils/spawn.js:40:14)
12 verbose stack     at emitTwo (events.js:106:13)
12 verbose stack     at ChildProcess.emit (events.js:191:7)
12 verbose stack     at maybeClose (internal/child_process.js:885:16)
12 verbose stack     at Process.ChildProcess._handle.onexit (internal/child_process.js:226:5)
13 verbose pkgid elm-graphql@1.0.6
14 verbose cwd /Users/KyleBell/elm-graphql/src
15 error Darwin 16.5.0
16 error argv "/usr/local/Cellar/node/7.4.0/bin/node" "/usr/local/bin/npm" "run" "postinstall"
17 error node v7.4.0
18 error npm  v4.0.5
19 error code ELIFECYCLE
20 error elm-graphql@1.0.6 postinstall: `tsc`
20 error Exit status 2
21 error Failed at the elm-graphql@1.0.6 postinstall script 'tsc'.
21 error Make sure you have the latest version of node.js and npm installed.
21 error If you do, this is most likely a problem with the elm-graphql package,
21 error not with npm itself.
21 error Tell the author that this fails on your system:
21 error     tsc
21 error You can get information on how to open an issue for this project with:
21 error     npm bugs elm-graphql
21 error Or if that isn't available, you can get their info via:
21 error     npm owner ls elm-graphql
21 error There is likely additional logging output above.
22 verbose exit [ 1, true ]
